d:\workspace\ssm\cloudphone\src\jake\windows\avssamp\c++\win7release\avssamp.inf
d:\workspace\ssm\cloudphone\src\jake\windows\avssamp\c++\win7release\vc120.pdb
d:\workspace\ssm\cloudphone\src\jake\windows\avssamp\c++\win7release\image.obj
d:\workspace\ssm\cloudphone\src\jake\windows\avssamp\c++\win7release\filter.obj
d:\workspace\ssm\cloudphone\src\jake\windows\avssamp\c++\win7release\capture.obj
d:\workspace\ssm\cloudphone\src\jake\windows\avssamp\c++\win7release\avssamp.obj
d:\workspace\ssm\cloudphone\src\jake\windows\avssamp\c++\win7release\audio.obj
d:\workspace\ssm\cloudphone\src\jake\windows\avssamp\c++\win7release\purecall.obj
d:\workspace\ssm\cloudphone\src\jake\windows\avssamp\c++\win7release\wave.obj
d:\workspace\ssm\cloudphone\src\jake\windows\avssamp\c++\win7release\video.obj
d:\workspace\ssm\cloudphone\src\jake\windows\avssamp\c++\win7release\avssamp.sys
d:\workspace\ssm\cloudphone\src\jake\windows\avssamp\c++\win7release\avssamp.pdb
d:\workspace\ssm\cloudphone\src\jake\windows\avssamp\c++\win7release\avssamp.res
d:\workspace\ssm\cloudphone\src\jake\windows\avssamp\c++\win7release\stampinf.command.1.tlog
d:\workspace\ssm\cloudphone\src\jake\windows\avssamp\c++\win7release\stampinf.read.1.tlog
d:\workspace\ssm\cloudphone\src\jake\windows\avssamp\c++\win7release\stampinf.write.1.tlog
d:\workspace\ssm\cloudphone\src\jake\windows\avssamp\c++\win7release\avssamp.tlog\cl.command.1.tlog
d:\workspace\ssm\cloudphone\src\jake\windows\avssamp\c++\win7release\avssamp.tlog\cl.read.1.tlog
d:\workspace\ssm\cloudphone\src\jake\windows\avssamp\c++\win7release\avssamp.tlog\cl.write.1.tlog
d:\workspace\ssm\cloudphone\src\jake\windows\avssamp\c++\win7release\avssamp.tlog\link.command.1.tlog
d:\workspace\ssm\cloudphone\src\jake\windows\avssamp\c++\win7release\avssamp.tlog\link.read.1.tlog
d:\workspace\ssm\cloudphone\src\jake\windows\avssamp\c++\win7release\avssamp.tlog\link.write.1.tlog
d:\workspace\ssm\cloudphone\src\jake\windows\avssamp\c++\win7release\avssamp.tlog\rc.command.1.tlog
d:\workspace\ssm\cloudphone\src\jake\windows\avssamp\c++\win7release\avssamp.tlog\rc.read.1.tlog
d:\workspace\ssm\cloudphone\src\jake\windows\avssamp\c++\win7release\avssamp.tlog\rc.write.1.tlog
