Build started 2014-04-20 오후 1:33:05.
     1>Project "C:\workspace\SSM\CloudPhone\src\jake\windows\Avssamp\C++\avssamp.vcxproj" on node 2 (Rebuild target(s)).
     1>StampInf:
         C:\Program Files\Windows Kits\8.1\bin\x86\stampinf.exe -d "*" -a "x86" -v "*" -k "1.11" -u "1.11.0" -f Win7Release\avssamp.inf 
         Stamping Win7Release\avssamp.inf [Version] section with DriverVer=04/20/2014,13.33.7.45
       ClCompile:
         C:\Program Files\Microsoft Visual Studio 12.0\VC\bin\CL.exe /c /IWin7Release\ /I"C:\Program Files\Windows Kits\8.1\Include\KM" /Zi /nologo /W4 /WX /Ox /Os /Oy- /D _X86_=1 /D i386=1 /D STD_CALL /D _WIN32_WINNT=0x0601 /D WINVER=0x0601 /D WINNT=1 /D NTDDI_VERSION=0x06010000 /D UNICODE /D _UNICODE /D DEBUG_LEVEL=DEBUGLVL_BLAB /D _WIN2K_COMPAT_SLIST_USAGE /D _NO_SYS_GUID_OPERATOR_EQ_ /GF /Gm- /Zp8 /GS /Gy /fp:precise /Zc:wchar_t- /Zc:forScope- /GR- /Fo"Win7Release\\" /Fd"Win7Release\vc120.pdb" /Gz /wd4603 /wd4627 /wd4986 /wd4987 /wd4996 /FI"C:\Program Files\Windows Kits\8.1\Include\Shared\warning.h" /analyze- /errorReport:prompt /kernel -cbstring  /d1nodatetime /d1import_no_registry /d2AllowCompatibleILVersions /d2Zi+ audio.cpp avssamp.cpp capture.cpp filter.cpp image.cpp purecall.c video.cpp wave.cpp
         audio.cpp
         avssamp.cpp
         capture.cpp
         filter.cpp
         image.cpp
         Generating Code...
         Compiling...
         purecall.c
         Generating Code...
         Compiling...
         video.cpp
         wave.cpp
         Generating Code...
       ResourceCompile:
         C:\Program Files\Windows Kits\8.1\bin\x86\rc.exe /D _X86_=1 /D i386=1 /D STD_CALL /D _WIN32_WINNT=0x0601 /D WINVER=0x0601 /D WINNT=1 /D NTDDI_VERSION=0x06010000 /D "SMP_ID=\\\"{EF1DD8BA-097A-4157-9BA9-F538ACF8F937}\\\"" /D UNICODE /D _UNICODE /D DEBUG_LEVEL=DEBUGLVL_BLAB /D _WIN2K_COMPAT_SLIST_USAGE /D _NO_SYS_GUID_OPERATOR_EQ_ /l"0x0409" /I"C:\Program Files\Windows Kits\8.1\Include\UM" /IWin7Release\ /I"C:\Program Files\Windows Kits\8.1\Include\KM" /nologo /fo"Win7Release\avssamp.res" avssamp.rc 
       Link:
         C:\Program Files\Microsoft Visual Studio 12.0\VC\bin\link.exe /ERRORREPORT:PROMPT /OUT:"Win7Release\avssamp.sys" /VERSION:"6.3" /INCREMENTAL:NO /NOLOGO /WX /SECTION:"INIT,d" "C:\Program Files\Windows Kits\8.1\lib\win7\KM\x86\memcmp.lib" "C:\Program Files\Windows Kits\8.1\lib\win7\KM\x86\BufferOverflowK.lib" "C:\Program Files\Windows Kits\8.1\lib\win7\KM\x86\ntoskrnl.lib" "C:\Program Files\Windows Kits\8.1\lib\win7\KM\x86\hal.lib" "C:\Program Files\Windows Kits\8.1\lib\win7\KM\x86\wmilib.lib" "C:\Program Files\Windows Kits\8.1\lib\win7\KM\x86\ks.lib" /NODEFAULTLIB /MANIFEST:NO /DEBUG /PDB:"Win7Release\avssamp.pdb" /SUBSYSTEM:NATIVE,"6.01" /Driver /OPT:REF /OPT:ICF /ENTRY:"GsDriverEntry@8" /RELEASE /IMPLIB:"Win7Release\avssamp.lib" /MERGE:"_TEXT=.text;_PAGE=PAGE" /MACHINE:X86 /PROFILE /SAFESEH /kernel /IGNORE:4198,4010,4037,4039,4065,4070,4078,4087,4089,4221 /osversion:6.3 /pdbcompress /debugtype:pdata   -merge:PAGECONST=PAGE Win7Release\avssamp.res
         Win7Release\audio.obj
         Win7Release\avssamp.obj
         Win7Release\capture.obj
         Win7Release\filter.obj
         Win7Release\image.obj
         Win7Release\purecall.obj
         Win7Release\video.obj
         Win7Release\wave.obj
         avssamp.vcxproj -> C:\workspace\SSM\CloudPhone\src\jake\windows\Avssamp\C++\Win7Release\avssamp.sys
     1>Done Building Project "C:\workspace\SSM\CloudPhone\src\jake\windows\Avssamp\C++\avssamp.vcxproj" (Rebuild target(s)).

Build succeeded.

Time Elapsed 00:00:05.83
