d:\workspace\ssm\cloudphone\src\jake\windows\avshws\c++\win7release\avshws.inf
d:\workspace\ssm\cloudphone\src\jake\windows\avshws\c++\win7release\vc120.pdb
d:\workspace\ssm\cloudphone\src\jake\windows\avshws\c++\win7release\image.obj
d:\workspace\ssm\cloudphone\src\jake\windows\avshws\c++\win7release\hwsim.obj
d:\workspace\ssm\cloudphone\src\jake\windows\avshws\c++\win7release\filter.obj
d:\workspace\ssm\cloudphone\src\jake\windows\avshws\c++\win7release\device.obj
d:\workspace\ssm\cloudphone\src\jake\windows\avshws\c++\win7release\capture.obj
d:\workspace\ssm\cloudphone\src\jake\windows\avshws\c++\win7release\purecall.obj
d:\workspace\ssm\cloudphone\src\jake\windows\avshws\c++\win7release\avshws.sys
d:\workspace\ssm\cloudphone\src\jake\windows\avshws\c++\win7release\avshws.pdb
d:\workspace\ssm\cloudphone\src\jake\windows\avshws\c++\win7release\avshws.res
d:\workspace\ssm\cloudphone\src\jake\windows\avshws\c++\win7release\stampinf.command.1.tlog
d:\workspace\ssm\cloudphone\src\jake\windows\avshws\c++\win7release\stampinf.read.1.tlog
d:\workspace\ssm\cloudphone\src\jake\windows\avshws\c++\win7release\stampinf.write.1.tlog
d:\workspace\ssm\cloudphone\src\jake\windows\avshws\c++\win7release\avshws.tlog\cl.command.1.tlog
d:\workspace\ssm\cloudphone\src\jake\windows\avshws\c++\win7release\avshws.tlog\cl.read.1.tlog
d:\workspace\ssm\cloudphone\src\jake\windows\avshws\c++\win7release\avshws.tlog\cl.write.1.tlog
d:\workspace\ssm\cloudphone\src\jake\windows\avshws\c++\win7release\avshws.tlog\link.command.1.tlog
d:\workspace\ssm\cloudphone\src\jake\windows\avshws\c++\win7release\avshws.tlog\link.read.1.tlog
d:\workspace\ssm\cloudphone\src\jake\windows\avshws\c++\win7release\avshws.tlog\link.write.1.tlog
d:\workspace\ssm\cloudphone\src\jake\windows\avshws\c++\win7release\avshws.tlog\rc.command.1.tlog
d:\workspace\ssm\cloudphone\src\jake\windows\avshws\c++\win7release\avshws.tlog\rc.read.1.tlog
d:\workspace\ssm\cloudphone\src\jake\windows\avshws\c++\win7release\avshws.tlog\rc.write.1.tlog
